<?xml version="1.0" encoding="UTF-8"?>
<robot generator="Robot 6.1.1 (Python 3.9.13 on win32)" generated="20230925 01:26:39.741" rpa="false" schemaversion="4">
<suite id="s1" name="Tests" source="X:\Programy\Robot_framework\browser_robot\tests">
<suite id="s1-s1" name="Browser" source="X:\Programy\Robot_framework\browser_robot\tests\browser.robot">
<test id="s1-s1-t1" name="Login Test" line="27">
<kw name="Open Webpage And Login_standard_user" library="open_page">
<kw name="Open Browser" library="Browser">
<arg>${URL}</arg>
<tag>BrowserControl</tag>
<tag>Setter</tag>
<doc>Opens a new browser instance. Use this keyword for quick experiments or debugging sessions.</doc>
<msg timestamp="20230925 01:26:41.573" level="WARN">Open Browser is for quick experimentation and debugging only. Use New Page for production.</msg>
<msg timestamp="20230925 01:26:41.573" level="INFO">{"browser": "chromium", "headless": false, "chromiumSandbox": false, "devtools": false, "handleSIGHUP": true, "handleSIGINT": true, "handleSIGTERM": true, "slowMo": 0.0, "timeout": 30000.0, "tracesDir": "X:\\Programy\\Robot_framework\\browser_robot\\browser\\traces\\c2b396f1-eaf1-4217-8b3a-afdb63634d3a"}</msg>
<msg timestamp="20230925 01:26:41.993" level="INFO">Successfully created browser with options: {"browser":"chromium","headless":false,"chromiumSandbox":false,"devtools":false,"handleSIGHUP":true,"handleSIGINT":true,"handleSIGTERM":true,"slowMo":0,"timeout":30000,"tracesDir":"X:\\Programy\\Robot_framework\\browser_robot\\browser\\traces\\c2b396f1-eaf1-4217-8b3a-afdb63634d3a"}</msg>
<msg timestamp="20230925 01:26:41.993" level="INFO">{
  "acceptDownloads": true,
  "bypassCSP": true,
  "forcedColors": "none",
  "hideRfBrowser": "",
  "ignoreHTTPSErrors": false,
  "javaScriptEnabled": true,
  "offline": false,
  "reducedMotion": "no-preference",
  "serviceWorkers": "allow",
  "viewport": {
    "height": 720,
    "width": 1280
  }
}</msg>
<msg timestamp="20230925 01:26:42.013" level="INFO">Successfully created context. </msg>
<msg timestamp="20230925 01:26:42.013" level="INFO">{'acceptDownloads': True, 'bypassCSP': True, 'forcedColors': 'none', 'hideRfBrowser': '', 'ignoreHTTPSErrors': False, 'javaScriptEnabled': True, 'offline': False, 'reducedMotion': 'no-preference', 'serviceWorkers': 'allow', 'viewport': {'height': 720, 'width': 1280}}</msg>
<msg timestamp="20230925 01:26:42.886" level="INFO">Successfully initialized new page object and opened url: https://www.saucedemo.com/</msg>
<status status="PASS" starttime="20230925 01:26:41.572" endtime="20230925 01:26:42.888"/>
</kw>
<kw name="Fill Text" library="Browser">
<arg>${login_input}</arg>
<arg>standard_user</arg>
<tag>PageContent</tag>
<tag>Setter</tag>
<doc>Clears and fills the given ``txt`` into the text field found by ``selector``.</doc>
<msg timestamp="20230925 01:26:42.889" level="INFO">Fills the text 'standard_user' in the given field.</msg>
<status status="PASS" starttime="20230925 01:26:42.888" endtime="20230925 01:26:42.935"/>
</kw>
<kw name="Log" library="BuiltIn">
<arg>xpath</arg>
<doc>Logs the given message with the given level.</doc>
<msg timestamp="20230925 01:26:42.936" level="INFO">xpath</msg>
<status status="PASS" starttime="20230925 01:26:42.936" endtime="20230925 01:26:42.936"/>
</kw>
<kw name="Fill Text" library="Browser">
<arg>${password_input}</arg>
<arg>secret_sauce</arg>
<tag>PageContent</tag>
<tag>Setter</tag>
<doc>Clears and fills the given ``txt`` into the text field found by ``selector``.</doc>
<msg timestamp="20230925 01:26:42.937" level="INFO">Fills the text 'secret_sauce' in the given field.</msg>
<status status="PASS" starttime="20230925 01:26:42.936" endtime="20230925 01:26:42.957"/>
</kw>
<kw name="Click" library="Browser">
<arg>${login_button}</arg>
<tag>PageContent</tag>
<tag>Setter</tag>
<doc>Simulates mouse click on the element found by ``selector``.</doc>
<status status="PASS" starttime="20230925 01:26:42.957" endtime="20230925 01:26:43.040"/>
</kw>
<status status="PASS" starttime="20230925 01:26:41.571" endtime="20230925 01:26:43.041"/>
</kw>
<doc>Test testujacy logowanie</doc>
<tag>login_sucedemo.com</tag>
<timeout value="3 seconds"/>
<status status="PASS" starttime="20230925 01:26:41.569" endtime="20230925 01:26:43.041"/>
</test>
<test id="s1-s1-t2" name="Add Product" line="34">
<kw name="Open Webpage And Login_standard_user" library="open_page">
<kw name="Open Browser" library="Browser">
<arg>${URL}</arg>
<tag>BrowserControl</tag>
<tag>Setter</tag>
<doc>Opens a new browser instance. Use this keyword for quick experiments or debugging sessions.</doc>
<msg timestamp="20230925 01:26:43.135" level="WARN">Open Browser is for quick experimentation and debugging only. Use New Page for production.</msg>
<msg timestamp="20230925 01:26:43.135" level="INFO">Switching browser to browser=2a144186-6b0f-4702-a00a-9643223a7abd</msg>
<msg timestamp="20230925 01:26:43.138" level="INFO">Successfully changed active browser</msg>
<msg timestamp="20230925 01:26:43.138" level="INFO">Reusing existing browser with id: browser=2a144186-6b0f-4702-a00a-9643223a7abd</msg>
<msg timestamp="20230925 01:26:43.138" level="INFO">{
  "acceptDownloads": true,
  "bypassCSP": true,
  "forcedColors": "none",
  "hideRfBrowser": "",
  "ignoreHTTPSErrors": false,
  "javaScriptEnabled": true,
  "offline": false,
  "reducedMotion": "no-preference",
  "serviceWorkers": "allow",
  "viewport": {
    "height": 720,
    "width": 1280
  }
}</msg>
<msg timestamp="20230925 01:26:43.148" level="INFO">Successfully created context. </msg>
<msg timestamp="20230925 01:26:43.148" level="INFO">{'acceptDownloads': True, 'bypassCSP': True, 'forcedColors': 'none', 'hideRfBrowser': '', 'ignoreHTTPSErrors': False, 'javaScriptEnabled': True, 'offline': False, 'reducedMotion': 'no-preference', 'serviceWorkers': 'allow', 'viewport': {'height': 720, 'width': 1280}}</msg>
<msg timestamp="20230925 01:26:43.925" level="INFO">Successfully initialized new page object and opened url: https://www.saucedemo.com/</msg>
<status status="PASS" starttime="20230925 01:26:43.126" endtime="20230925 01:26:43.926"/>
</kw>
<kw name="Fill Text" library="Browser">
<arg>${login_input}</arg>
<arg>standard_user</arg>
<tag>PageContent</tag>
<tag>Setter</tag>
<doc>Clears and fills the given ``txt`` into the text field found by ``selector``.</doc>
<msg timestamp="20230925 01:26:43.927" level="INFO">Fills the text 'standard_user' in the given field.</msg>
<status status="PASS" starttime="20230925 01:26:43.927" endtime="20230925 01:26:43.965"/>
</kw>
<kw name="Log" library="BuiltIn">
<arg>xpath</arg>
<doc>Logs the given message with the given level.</doc>
<msg timestamp="20230925 01:26:43.986" level="INFO">xpath</msg>
<status status="PASS" starttime="20230925 01:26:43.966" endtime="20230925 01:26:43.986"/>
</kw>
<kw name="Fill Text" library="Browser">
<arg>${password_input}</arg>
<arg>secret_sauce</arg>
<tag>PageContent</tag>
<tag>Setter</tag>
<doc>Clears and fills the given ``txt`` into the text field found by ``selector``.</doc>
<msg timestamp="20230925 01:26:43.988" level="INFO">Fills the text 'secret_sauce' in the given field.</msg>
<status status="PASS" starttime="20230925 01:26:43.987" endtime="20230925 01:26:44.007"/>
</kw>
<kw name="Click" library="Browser">
<arg>${login_button}</arg>
<tag>PageContent</tag>
<tag>Setter</tag>
<doc>Simulates mouse click on the element found by ``selector``.</doc>
<status status="PASS" starttime="20230925 01:26:44.007" endtime="20230925 01:26:44.086"/>
</kw>
<status status="PASS" starttime="20230925 01:26:43.126" endtime="20230925 01:26:44.086"/>
</kw>
<kw name="Add First Product To Cart">
<kw name="Get Text" library="Browser">
<var>${text_1}</var>
<arg>${item_element}</arg>
<tag>Assertion</tag>
<tag>Getter</tag>
<tag>PageContent</tag>
<doc>Returns text attribute of the element found by ``selector``.</doc>
<msg timestamp="20230925 01:26:44.116" level="INFO">Text: 'Sauce Labs Backpack'</msg>
<msg timestamp="20230925 01:26:44.116" level="INFO">${text_1} = Sauce Labs Backpack</msg>
<status status="PASS" starttime="20230925 01:26:44.087" endtime="20230925 01:26:44.116"/>
</kw>
<if>
<branch type="IF" condition="$text_1 == $expected_item_element_value">
<kw name="Log" library="BuiltIn">
<arg>${text_1}</arg>
<doc>Logs the given message with the given level.</doc>
<msg timestamp="20230925 01:26:44.120" level="INFO">Sauce Labs Backpack</msg>
<status status="PASS" starttime="20230925 01:26:44.120" endtime="20230925 01:26:44.121"/>
</kw>
<kw name="Click Element">
<kw name="Click" library="Browser">
<arg>${item_element}</arg>
<tag>PageContent</tag>
<tag>Setter</tag>
<doc>Simulates mouse click on the element found by ``selector``.</doc>
<status status="PASS" starttime="20230925 01:26:44.121" endtime="20230925 01:26:44.171"/>
</kw>
<status status="PASS" starttime="20230925 01:26:44.121" endtime="20230925 01:26:44.171"/>
</kw>
<kw name="Set Variable" library="BuiltIn">
<var>${item_element}</var>
<arg>//button[@id="add-to-cart-sauce-labs-backpack"]</arg>
<doc>Returns the given values which can then be assigned to a variables.</doc>
<msg timestamp="20230925 01:26:44.172" level="INFO">${item_element} = //button[@id="add-to-cart-sauce-labs-backpack"]</msg>
<status status="PASS" starttime="20230925 01:26:44.172" endtime="20230925 01:26:44.172"/>
</kw>
<kw name="Click" library="Browser">
<arg>${item_element}</arg>
<tag>PageContent</tag>
<tag>Setter</tag>
<doc>Simulates mouse click on the element found by ``selector``.</doc>
<status status="PASS" starttime="20230925 01:26:44.172" endtime="20230925 01:26:44.210"/>
</kw>
<status status="PASS" starttime="20230925 01:26:44.116" endtime="20230925 01:26:44.210"/>
</branch>
<status status="PASS" starttime="20230925 01:26:44.116" endtime="20230925 01:26:44.210"/>
</if>
<status status="PASS" starttime="20230925 01:26:44.086" endtime="20230925 01:26:44.210"/>
</kw>
<kw name="Click Shopping Cart">
<kw name="Click" library="Browser">
<arg>${shopping_cart}</arg>
<tag>PageContent</tag>
<tag>Setter</tag>
<doc>Simulates mouse click on the element found by ``selector``.</doc>
<status status="PASS" starttime="20230925 01:26:44.211" endtime="20230925 01:26:44.247"/>
</kw>
<status status="PASS" starttime="20230925 01:26:44.210" endtime="20230925 01:26:44.247"/>
</kw>
<kw name="Check Shopping Cart">
<kw name="Set Variable" library="BuiltIn">
<var>${item_element}</var>
<arg>//div[@class="inventory_item_name"]</arg>
<doc>Returns the given values which can then be assigned to a variables.</doc>
<msg timestamp="20230925 01:26:44.249" level="INFO">${item_element} = //div[@class="inventory_item_name"]</msg>
<status status="PASS" starttime="20230925 01:26:44.249" endtime="20230925 01:26:44.250"/>
</kw>
<kw name="Get Text" library="Browser">
<var>${text_1}</var>
<arg>${item_element}</arg>
<tag>Assertion</tag>
<tag>Getter</tag>
<tag>PageContent</tag>
<doc>Returns text attribute of the element found by ``selector``.</doc>
<msg timestamp="20230925 01:26:44.263" level="INFO">Text: 'Sauce Labs Backpack'</msg>
<msg timestamp="20230925 01:26:44.263" level="INFO">${text_1} = Sauce Labs Backpack</msg>
<status status="PASS" starttime="20230925 01:26:44.250" endtime="20230925 01:26:44.264"/>
</kw>
<if>
<branch type="IF" condition="$text_1 == $expected_item_element_value">
<kw name="Log" library="BuiltIn">
<arg>${text_1}</arg>
<doc>Logs the given message with the given level.</doc>
<msg timestamp="20230925 01:26:44.265" level="INFO">Sauce Labs Backpack</msg>
<status status="PASS" starttime="20230925 01:26:44.264" endtime="20230925 01:26:44.265"/>
</kw>
<kw name="Get Text" library="Browser">
<var>${price_text}</var>
<arg>${item_element_price}</arg>
<tag>Assertion</tag>
<tag>Getter</tag>
<tag>PageContent</tag>
<doc>Returns text attribute of the element found by ``selector``.</doc>
<msg timestamp="20230925 01:26:44.276" level="INFO">Text: '$29.99'</msg>
<msg timestamp="20230925 01:26:44.276" level="INFO">${price_text} = $29.99</msg>
<status status="PASS" starttime="20230925 01:26:44.265" endtime="20230925 01:26:44.276"/>
</kw>
<kw name="Price To Int" library="lib">
<var>${price_text_int}</var>
<arg>${price_text}</arg>
<msg timestamp="20230925 01:26:44.277" level="INFO">${price_text_int} = 29.99</msg>
<status status="PASS" starttime="20230925 01:26:44.277" endtime="20230925 01:26:44.277"/>
</kw>
<if>
<branch type="IF" condition="$price_text == $expected_item_element_price">
<if>
<branch type="IF" condition="$price_text_int &lt;= 30">
<kw name="Log" library="BuiltIn">
<arg>${price_text_int}</arg>
<doc>Logs the given message with the given level.</doc>
<msg timestamp="20230925 01:26:44.278" level="INFO">29.99</msg>
<status status="PASS" starttime="20230925 01:26:44.278" endtime="20230925 01:26:44.278"/>
</kw>
<status status="PASS" starttime="20230925 01:26:44.278" endtime="20230925 01:26:44.278"/>
</branch>
<status status="PASS" starttime="20230925 01:26:44.278" endtime="20230925 01:26:44.279"/>
</if>
<status status="PASS" starttime="20230925 01:26:44.277" endtime="20230925 01:26:44.279"/>
</branch>
<status status="PASS" starttime="20230925 01:26:44.277" endtime="20230925 01:26:44.279"/>
</if>
<status status="PASS" starttime="20230925 01:26:44.264" endtime="20230925 01:26:44.279"/>
</branch>
<status status="PASS" starttime="20230925 01:26:44.264" endtime="20230925 01:26:44.279"/>
</if>
<status status="PASS" starttime="20230925 01:26:44.248" endtime="20230925 01:26:44.279"/>
</kw>
<doc>Test testujacy dodawanie produktu do koszyka</doc>
<tag>add_sucedemo.com</tag>
<timeout value="3 seconds"/>
<status status="PASS" starttime="20230925 01:26:43.122" endtime="20230925 01:26:44.279"/>
</test>
<test id="s1-s1-t3" name="Buy Product" line="44">
<kw name="Open Webpage And Login_standard_user" library="open_page">
<kw name="Open Browser" library="Browser">
<arg>${URL}</arg>
<tag>BrowserControl</tag>
<tag>Setter</tag>
<doc>Opens a new browser instance. Use this keyword for quick experiments or debugging sessions.</doc>
<msg timestamp="20230925 01:26:44.347" level="WARN">Open Browser is for quick experimentation and debugging only. Use New Page for production.</msg>
<msg timestamp="20230925 01:26:44.347" level="INFO">Switching browser to browser=2a144186-6b0f-4702-a00a-9643223a7abd</msg>
<msg timestamp="20230925 01:26:44.349" level="INFO">Successfully changed active browser</msg>
<msg timestamp="20230925 01:26:44.349" level="INFO">Reusing existing browser with id: browser=2a144186-6b0f-4702-a00a-9643223a7abd</msg>
<msg timestamp="20230925 01:26:44.349" level="INFO">{
  "acceptDownloads": true,
  "bypassCSP": true,
  "forcedColors": "none",
  "hideRfBrowser": "",
  "ignoreHTTPSErrors": false,
  "javaScriptEnabled": true,
  "offline": false,
  "reducedMotion": "no-preference",
  "serviceWorkers": "allow",
  "viewport": {
    "height": 720,
    "width": 1280
  }
}</msg>
<msg timestamp="20230925 01:26:44.361" level="INFO">Successfully created context. </msg>
<msg timestamp="20230925 01:26:44.361" level="INFO">{'acceptDownloads': True, 'bypassCSP': True, 'forcedColors': 'none', 'hideRfBrowser': '', 'ignoreHTTPSErrors': False, 'javaScriptEnabled': True, 'offline': False, 'reducedMotion': 'no-preference', 'serviceWorkers': 'allow', 'viewport': {'height': 720, 'width': 1280}}</msg>
<msg timestamp="20230925 01:26:45.131" level="INFO">Successfully initialized new page object and opened url: https://www.saucedemo.com/</msg>
<status status="PASS" starttime="20230925 01:26:44.345" endtime="20230925 01:26:45.133"/>
</kw>
<kw name="Fill Text" library="Browser">
<arg>${login_input}</arg>
<arg>standard_user</arg>
<tag>PageContent</tag>
<tag>Setter</tag>
<doc>Clears and fills the given ``txt`` into the text field found by ``selector``.</doc>
<msg timestamp="20230925 01:26:45.134" level="INFO">Fills the text 'standard_user' in the given field.</msg>
<status status="PASS" starttime="20230925 01:26:45.133" endtime="20230925 01:26:45.171"/>
</kw>
<kw name="Log" library="BuiltIn">
<arg>xpath</arg>
<doc>Logs the given message with the given level.</doc>
<msg timestamp="20230925 01:26:45.172" level="INFO">xpath</msg>
<status status="PASS" starttime="20230925 01:26:45.171" endtime="20230925 01:26:45.172"/>
</kw>
<kw name="Fill Text" library="Browser">
<arg>${password_input}</arg>
<arg>secret_sauce</arg>
<tag>PageContent</tag>
<tag>Setter</tag>
<doc>Clears and fills the given ``txt`` into the text field found by ``selector``.</doc>
<msg timestamp="20230925 01:26:45.172" level="INFO">Fills the text 'secret_sauce' in the given field.</msg>
<status status="PASS" starttime="20230925 01:26:45.172" endtime="20230925 01:26:45.199"/>
</kw>
<kw name="Click" library="Browser">
<arg>${login_button}</arg>
<tag>PageContent</tag>
<tag>Setter</tag>
<doc>Simulates mouse click on the element found by ``selector``.</doc>
<status status="PASS" starttime="20230925 01:26:45.199" endtime="20230925 01:26:45.266"/>
</kw>
<status status="PASS" starttime="20230925 01:26:44.345" endtime="20230925 01:26:45.266"/>
</kw>
<kw name="Add First Product To Cart">
<kw name="Get Text" library="Browser">
<var>${text_1}</var>
<arg>${item_element}</arg>
<tag>Assertion</tag>
<tag>Getter</tag>
<tag>PageContent</tag>
<doc>Returns text attribute of the element found by ``selector``.</doc>
<msg timestamp="20230925 01:26:45.301" level="INFO">Text: 'Sauce Labs Backpack'</msg>
<msg timestamp="20230925 01:26:45.301" level="INFO">${text_1} = Sauce Labs Backpack</msg>
<status status="PASS" starttime="20230925 01:26:45.267" endtime="20230925 01:26:45.301"/>
</kw>
<if>
<branch type="IF" condition="$text_1 == $expected_item_element_value">
<kw name="Log" library="BuiltIn">
<arg>${text_1}</arg>
<doc>Logs the given message with the given level.</doc>
<msg timestamp="20230925 01:26:45.302" level="INFO">Sauce Labs Backpack</msg>
<status status="PASS" starttime="20230925 01:26:45.302" endtime="20230925 01:26:45.303"/>
</kw>
<kw name="Click Element">
<kw name="Click" library="Browser">
<arg>${item_element}</arg>
<tag>PageContent</tag>
<tag>Setter</tag>
<doc>Simulates mouse click on the element found by ``selector``.</doc>
<status status="PASS" starttime="20230925 01:26:45.303" endtime="20230925 01:26:45.341"/>
</kw>
<status status="PASS" starttime="20230925 01:26:45.303" endtime="20230925 01:26:45.341"/>
</kw>
<kw name="Set Variable" library="BuiltIn">
<var>${item_element}</var>
<arg>//button[@id="add-to-cart-sauce-labs-backpack"]</arg>
<doc>Returns the given values which can then be assigned to a variables.</doc>
<msg timestamp="20230925 01:26:45.342" level="INFO">${item_element} = //button[@id="add-to-cart-sauce-labs-backpack"]</msg>
<status status="PASS" starttime="20230925 01:26:45.342" endtime="20230925 01:26:45.342"/>
</kw>
<kw name="Click" library="Browser">
<arg>${item_element}</arg>
<tag>PageContent</tag>
<tag>Setter</tag>
<doc>Simulates mouse click on the element found by ``selector``.</doc>
<status status="PASS" starttime="20230925 01:26:45.342" endtime="20230925 01:26:45.381"/>
</kw>
<status status="PASS" starttime="20230925 01:26:45.302" endtime="20230925 01:26:45.381"/>
</branch>
<status status="PASS" starttime="20230925 01:26:45.301" endtime="20230925 01:26:45.381"/>
</if>
<status status="PASS" starttime="20230925 01:26:45.267" endtime="20230925 01:26:45.381"/>
</kw>
<kw name="Click Shopping Cart">
<kw name="Click" library="Browser">
<arg>${shopping_cart}</arg>
<tag>PageContent</tag>
<tag>Setter</tag>
<doc>Simulates mouse click on the element found by ``selector``.</doc>
<status status="PASS" starttime="20230925 01:26:45.382" endtime="20230925 01:26:45.407"/>
</kw>
<status status="PASS" starttime="20230925 01:26:45.382" endtime="20230925 01:26:45.407"/>
</kw>
<kw name="Check Shopping Cart">
<kw name="Set Variable" library="BuiltIn">
<var>${item_element}</var>
<arg>//div[@class="inventory_item_name"]</arg>
<doc>Returns the given values which can then be assigned to a variables.</doc>
<msg timestamp="20230925 01:26:45.408" level="INFO">${item_element} = //div[@class="inventory_item_name"]</msg>
<status status="PASS" starttime="20230925 01:26:45.408" endtime="20230925 01:26:45.408"/>
</kw>
<kw name="Get Text" library="Browser">
<var>${text_1}</var>
<arg>${item_element}</arg>
<tag>Assertion</tag>
<tag>Getter</tag>
<tag>PageContent</tag>
<doc>Returns text attribute of the element found by ``selector``.</doc>
<msg timestamp="20230925 01:26:45.420" level="INFO">Text: 'Sauce Labs Backpack'</msg>
<msg timestamp="20230925 01:26:45.420" level="INFO">${text_1} = Sauce Labs Backpack</msg>
<status status="PASS" starttime="20230925 01:26:45.409" endtime="20230925 01:26:45.420"/>
</kw>
<if>
<branch type="IF" condition="$text_1 == $expected_item_element_value">
<kw name="Log" library="BuiltIn">
<arg>${text_1}</arg>
<doc>Logs the given message with the given level.</doc>
<msg timestamp="20230925 01:26:45.421" level="INFO">Sauce Labs Backpack</msg>
<status status="PASS" starttime="20230925 01:26:45.420" endtime="20230925 01:26:45.421"/>
</kw>
<kw name="Get Text" library="Browser">
<var>${price_text}</var>
<arg>${item_element_price}</arg>
<tag>Assertion</tag>
<tag>Getter</tag>
<tag>PageContent</tag>
<doc>Returns text attribute of the element found by ``selector``.</doc>
<msg timestamp="20230925 01:26:45.432" level="INFO">Text: '$29.99'</msg>
<msg timestamp="20230925 01:26:45.432" level="INFO">${price_text} = $29.99</msg>
<status status="PASS" starttime="20230925 01:26:45.421" endtime="20230925 01:26:45.432"/>
</kw>
<kw name="Price To Int" library="lib">
<var>${price_text_int}</var>
<arg>${price_text}</arg>
<msg timestamp="20230925 01:26:45.433" level="INFO">${price_text_int} = 29.99</msg>
<status status="PASS" starttime="20230925 01:26:45.433" endtime="20230925 01:26:45.433"/>
</kw>
<if>
<branch type="IF" condition="$price_text == $expected_item_element_price">
<if>
<branch type="IF" condition="$price_text_int &lt;= 30">
<kw name="Log" library="BuiltIn">
<arg>${price_text_int}</arg>
<doc>Logs the given message with the given level.</doc>
<msg timestamp="20230925 01:26:45.434" level="INFO">29.99</msg>
<status status="PASS" starttime="20230925 01:26:45.434" endtime="20230925 01:26:45.435"/>
</kw>
<status status="PASS" starttime="20230925 01:26:45.434" endtime="20230925 01:26:45.435"/>
</branch>
<status status="PASS" starttime="20230925 01:26:45.434" endtime="20230925 01:26:45.435"/>
</if>
<status status="PASS" starttime="20230925 01:26:45.433" endtime="20230925 01:26:45.435"/>
</branch>
<status status="PASS" starttime="20230925 01:26:45.433" endtime="20230925 01:26:45.435"/>
</if>
<status status="PASS" starttime="20230925 01:26:45.420" endtime="20230925 01:26:45.435"/>
</branch>
<status status="PASS" starttime="20230925 01:26:45.420" endtime="20230925 01:26:45.435"/>
</if>
<status status="PASS" starttime="20230925 01:26:45.408" endtime="20230925 01:26:45.435"/>
</kw>
<kw name="Click Checkout">
<kw name="Click" library="Browser">
<arg>${checkout_button}</arg>
<tag>PageContent</tag>
<tag>Setter</tag>
<doc>Simulates mouse click on the element found by ``selector``.</doc>
<status status="PASS" starttime="20230925 01:26:45.436" endtime="20230925 01:26:45.470"/>
</kw>
<status status="PASS" starttime="20230925 01:26:45.435" endtime="20230925 01:26:45.470"/>
</kw>
<kw name="Input User_Data And Continiue">
<kw name="Fill Text" library="Browser">
<arg>${first_name_input}</arg>
<arg>test_user_name</arg>
<tag>PageContent</tag>
<tag>Setter</tag>
<doc>Clears and fills the given ``txt`` into the text field found by ``selector``.</doc>
<msg timestamp="20230925 01:26:45.472" level="INFO">Fills the text 'test_user_name' in the given field.</msg>
<status status="PASS" starttime="20230925 01:26:45.471" endtime="20230925 01:26:45.490"/>
</kw>
<kw name="Fill Text" library="Browser">
<arg>${last_name_input}</arg>
<arg>test_user_last</arg>
<tag>PageContent</tag>
<tag>Setter</tag>
<doc>Clears and fills the given ``txt`` into the text field found by ``selector``.</doc>
<msg timestamp="20230925 01:26:45.491" level="INFO">Fills the text 'test_user_last' in the given field.</msg>
<status status="PASS" starttime="20230925 01:26:45.491" endtime="20230925 01:26:45.506"/>
</kw>
<kw name="Fill Text" library="Browser">
<arg>${postal_code_input}</arg>
<arg>12-345</arg>
<tag>PageContent</tag>
<tag>Setter</tag>
<doc>Clears and fills the given ``txt`` into the text field found by ``selector``.</doc>
<msg timestamp="20230925 01:26:45.506" level="INFO">Fills the text '12-345' in the given field.</msg>
<status status="PASS" starttime="20230925 01:26:45.506" endtime="20230925 01:26:45.520"/>
</kw>
<kw name="Click" library="Browser">
<arg>${continiue_buy}</arg>
<tag>PageContent</tag>
<tag>Setter</tag>
<doc>Simulates mouse click on the element found by ``selector``.</doc>
<status status="PASS" starttime="20230925 01:26:45.520" endtime="20230925 01:26:45.548"/>
</kw>
<status status="PASS" starttime="20230925 01:26:45.471" endtime="20230925 01:26:45.548"/>
</kw>
<kw name="Check Tax And Finish Buying">
<kw name="Price To Int" library="lib">
<var>${product_price_int}</var>
<arg>${expected_item_element_price}</arg>
<msg timestamp="20230925 01:26:45.550" level="INFO">${product_price_int} = 29.99</msg>
<status status="PASS" starttime="20230925 01:26:45.549" endtime="20230925 01:26:45.550"/>
</kw>
<kw name="Get Text" library="Browser">
<var>${tax_text}</var>
<arg>${tax_item}</arg>
<tag>Assertion</tag>
<tag>Getter</tag>
<tag>PageContent</tag>
<doc>Returns text attribute of the element found by ``selector``.</doc>
<msg timestamp="20230925 01:26:45.561" level="INFO">Text: 'Tax: $2.40'</msg>
<msg timestamp="20230925 01:26:45.561" level="INFO">${tax_text} = Tax: $2.40</msg>
<status status="PASS" starttime="20230925 01:26:45.550" endtime="20230925 01:26:45.561"/>
</kw>
<kw name="Price To Int" library="lib">
<var>${tax_int}</var>
<arg>${tax_text}</arg>
<msg timestamp="20230925 01:26:45.562" level="INFO">${tax_int} = 2.4</msg>
<status status="PASS" starttime="20230925 01:26:45.562" endtime="20230925 01:26:45.562"/>
</kw>
<kw name="Get Text" library="Browser">
<var>${expected_final_price_text}</var>
<arg>${expected_final_price_item}</arg>
<tag>Assertion</tag>
<tag>Getter</tag>
<tag>PageContent</tag>
<doc>Returns text attribute of the element found by ``selector``.</doc>
<msg timestamp="20230925 01:26:45.573" level="INFO">Text: 'Total: $32.39'</msg>
<msg timestamp="20230925 01:26:45.573" level="INFO">${expected_final_price_text} = Total: $32.39</msg>
<status status="PASS" starttime="20230925 01:26:45.562" endtime="20230925 01:26:45.573"/>
</kw>
<kw name="Price To Int" library="lib">
<var>${expected_final_price_int}</var>
<arg>${expected_final_price_text}</arg>
<msg timestamp="20230925 01:26:45.574" level="INFO">${expected_final_price_int} = 32.39</msg>
<status status="PASS" starttime="20230925 01:26:45.573" endtime="20230925 01:26:45.574"/>
</kw>
<if>
<branch type="IF" condition="$product_price_int + $tax_int == $expected_final_price_int">
<kw name="Log" library="BuiltIn">
<arg>Final price correct</arg>
<doc>Logs the given message with the given level.</doc>
<msg timestamp="20230925 01:26:45.575" level="INFO">Final price correct</msg>
<status status="PASS" starttime="20230925 01:26:45.574" endtime="20230925 01:26:45.575"/>
</kw>
<status status="PASS" starttime="20230925 01:26:45.574" endtime="20230925 01:26:45.575"/>
</branch>
<status status="PASS" starttime="20230925 01:26:45.574" endtime="20230925 01:26:45.575"/>
</if>
<kw name="Click" library="Browser">
<arg>${finish_button}</arg>
<tag>PageContent</tag>
<tag>Setter</tag>
<doc>Simulates mouse click on the element found by ``selector``.</doc>
<status status="PASS" starttime="20230925 01:26:45.575" endtime="20230925 01:26:45.602"/>
</kw>
<kw name="Click" library="Browser">
<arg>${back_home_button}</arg>
<tag>PageContent</tag>
<tag>Setter</tag>
<doc>Simulates mouse click on the element found by ``selector``.</doc>
<status status="PASS" starttime="20230925 01:26:45.602" endtime="20230925 01:26:45.648"/>
</kw>
<status status="PASS" starttime="20230925 01:26:45.549" endtime="20230925 01:26:45.649"/>
</kw>
<doc>Test testujacy kupowanie produktu</doc>
<tag>buy_sucedemo.com</tag>
<timeout value="3 seconds"/>
<status status="PASS" starttime="20230925 01:26:44.342" endtime="20230925 01:26:45.649"/>
</test>
<doc>Test strony sucedemo.com</doc>
<status status="PASS" starttime="20230925 01:26:39.763" endtime="20230925 01:26:45.718"/>
</suite>
<status status="PASS" starttime="20230925 01:26:39.743" endtime="20230925 01:26:45.724"/>
</suite>
<statistics>
<total>
<stat pass="3" fail="0" skip="0">All Tests</stat>
</total>
<tag>
<stat pass="1" fail="0" skip="0">add_sucedemo.com</stat>
<stat pass="1" fail="0" skip="0">buy_sucedemo.com</stat>
<stat pass="1" fail="0" skip="0">login_sucedemo.com</stat>
</tag>
<suite>
<stat pass="3" fail="0" skip="0" id="s1" name="Tests">Tests</stat>
<stat pass="3" fail="0" skip="0" id="s1-s1" name="Browser">Tests.Browser</stat>
</suite>
</statistics>
<errors>
<msg timestamp="20230925 01:26:41.573" level="WARN">Open Browser is for quick experimentation and debugging only. Use New Page for production.</msg>
<msg timestamp="20230925 01:26:43.135" level="WARN">Open Browser is for quick experimentation and debugging only. Use New Page for production.</msg>
<msg timestamp="20230925 01:26:44.347" level="WARN">Open Browser is for quick experimentation and debugging only. Use New Page for production.</msg>
</errors>
</robot>
